{"numTotalTestSuites":5,"numPassedTestSuites":5,"numFailedTestSuites":0,"numPendingTestSuites":0,"numTotalTests":9,"numPassedTests":9,"numFailedTests":0,"numPendingTests":0,"numTodoTests":0,"snapshot":{"added":0,"failure":false,"filesAdded":0,"filesRemoved":0,"filesRemovedList":[],"filesUnmatched":0,"filesUpdated":0,"matched":0,"total":0,"unchecked":0,"uncheckedKeysByFile":[],"unmatched":0,"updated":0,"didUpdate":false},"startTime":1722525664083,"success":true,"testResults":[{"assertionResults":[{"ancestorTitles":[],"fullName":"should render button","status":"passed","title":"should render button","duration":100,"failureMessages":[],"meta":{}},{"ancestorTitles":[],"fullName":"should render ThemeContext","status":"passed","title":"should render ThemeContext","duration":22,"failureMessages":[],"meta":{}},{"ancestorTitles":[],"fullName":"should contain correct url","status":"passed","title":"should contain correct url","duration":22,"failureMessages":[],"meta":{}}],"startTime":1722525666515,"endTime":1722525666659,"status":"passed","message":"","name":"C:/Users/nikit/Desktop/Курсы/RsSchool(Stage3)/REACT2024Q3/src/tests/App.test.tsx"},{"assertionResults":[{"ancestorTitles":[],"fullName":"renders a message","status":"passed","title":"renders a message","duration":101,"failureMessages":[],"meta":{}},{"ancestorTitles":[],"fullName":"renders a message","status":"passed","title":"renders a message","duration":155,"failureMessages":[],"meta":{}}],"startTime":1722525666593,"endTime":1722525666849,"status":"passed","message":"","name":"C:/Users/nikit/Desktop/Курсы/RsSchool(Stage3)/REACT2024Q3/src/tests/ErrorBoundary.test.tsx"},{"assertionResults":[{"ancestorTitles":[],"fullName":"renders a message","status":"passed","title":"renders a message","duration":55,"failureMessages":[],"meta":{}}],"startTime":1722525666561,"endTime":1722525666616,"status":"passed","message":"","name":"C:/Users/nikit/Desktop/Курсы/RsSchool(Stage3)/REACT2024Q3/src/tests/ErrorPage.test.tsx"},{"assertionResults":[{"ancestorTitles":[],"fullName":"renders a Search component","status":"passed","title":"renders a Search component","duration":166,"failureMessages":[],"meta":{}},{"ancestorTitles":[],"fullName":"renders a ItemList component","status":"passed","title":"renders a ItemList component","duration":14,"failureMessages":[],"meta":{}}],"startTime":1722525666578,"endTime":1722525666758,"status":"passed","message":"","name":"C:/Users/nikit/Desktop/Курсы/RsSchool(Stage3)/REACT2024Q3/src/tests/MainPage.test.tsx"},{"assertionResults":[{"ancestorTitles":[],"fullName":"renders a message","status":"passed","title":"renders a message","duration":214,"failureMessages":[],"meta":{}}],"startTime":1722525666545,"endTime":1722525666759,"status":"passed","message":"","name":"C:/Users/nikit/Desktop/Курсы/RsSchool(Stage3)/REACT2024Q3/src/tests/MyModal.test.tsx"}]}